<?xml version="1.0" encoding="UTF-8"?>
<testsuite name="AddressBookTest" tests="1" skipped="0" failures="0" errors="0" timestamp="2019-12-06T10:42:14" hostname="admin142-desktop" time="0.003">
  <properties/>
  <testcase name="givenPersonDetail_WhenProperPrintAllRecord_ShouldReturnTrue" classname="AddressBookTest" time="0.003"/>
  <system-out><![CDATA[Person{firstName='yamini ', lastName='Mhatre', phoneNumber='9405205089', Address='G.T.P colony', city='pune', zip=345678, state='Mh'}
First Name:- yamini  Last Name:- Mhatre
Phone Number:9405205089
Address:- G.T.P colony
City:- pune State:- Mh
Zip code:- 345678

]]></system-out>
  <system-err><![CDATA[]]></system-err>
</testsuite>
