<?xml version="1.0" encoding="UTF-8"?>
<testsuite name="AddressBookTest" tests="1" skipped="0" failures="0" errors="0" timestamp="2019-12-06T11:19:52" hostname="admin142-desktop" time="0.003">
  <properties/>
  <testcase name="givenNewFileName_WhenStringNull_throwsException" classname="AddressBookTest" time="0.003"/>
  <system-out><![CDATA[null
]]></system-out>
  <system-err><![CDATA[]]></system-err>
</testsuite>
